Unrecognized option: -m
use: X [:<display>] [option]
-a #                   mouse acceleration (pixels)
-ac                    disable access control restrictions
-audit int             set audit trail level
-auth file             select authorization file
bc                     enable bug compatibility
-br                    create root window with black background
+bs                    enable any backing store support
-bs                    disable any backing store support
-c                     turns off key-click
c #                    key-click volume (0-100)
-cc int                default color visual class
-co file               color database file
-core                  generate core dump on fatal error
-dpi int               screen resolution in dots per inch
dpms                   enables VESA DPMS monitor control
-dpms                  disables VESA DPMS monitor control
-deferglyphs [none|all|16] defer loading of [no|all|16-bit] glyphs
-f #                   bell base (0-100)
-fc string             cursor font
-fn string             default font name
-fp string             default font path
-help                  prints message with these options
-I                     ignore all remaining arguments
-ld int                limit data space to N Kb
-lf int                limit number of open files to N
-ls int                limit stack space to N Kb
-nolock                disable the locking mechanism
-logo                  enable logo in screen saver
nologo                 disable logo in screen saver
-nolisten string       don't listen on protocol
-p #                   screen-saver pattern duration (minutes)
-pn                    accept failure to listen on all ports
-nopn                  reject failure to listen on all ports
-r                     turns off auto-repeat
r                      turns on auto-repeat 
-render [default|mono|gray|color] set render color alloc policy
-s #                   screen-saver timeout (minutes)
-sp file               security policy file
-su                    disable any save under support
-t #                   mouse threshold (pixels)
-terminate             terminate at server reset
-to #                  connection time out
-tst                   disable testing extensions
ttyxx                  server started from init on /dev/ttyxx
v                      video blanking for screen-saver
-v                     screen-saver without video blanking
-wm                    WhenMapped default backing-store
-x string              loads named extension at init time 
+xinerama              Enable XINERAMA extension
-xinerama              Disable XINERAMA extension
-query host-name       contact named host for XDMCP
-broadcast             broadcast for XDMCP
-indirect host-name    contact named host for indirect XDMCP
-port port-num         UDP port number to send messages to
-from local-address    specify the local address to connect from
-once                  Terminate server after one session
-class display-class   specify display class to send in manage
-displayID display-id  manufacturer display ID for request
The X Keyboard Extension adds the following arguments:
-kb                    disable the X Keyboard Extension
+kb                    enable the X Keyboard Extension
[+-]accessx [ timeout [ timeout_mask [ feedback [ options_mask] ] ] ]
                       enable/disable accessx key sequences
-ar1                   set XKB autorepeat delay
-ar2                   set XKB autorepeat interval
-noloadxkb             don't load XKB keymap description
-xkbdb                 file that contains default XKB keymaps
-xkbmap                XKB keyboard description to load on startup

Xvnc Free Edition 4.1.1 - built Jul 31 2015 19:10:31
Copyright (C) 2002-2005 RealVNC Ltd.
See http://www.realvnc.com for information on VNC.
Underlying X server release 40300000, The XFree86 Project, Inc

-screen scrn WxHxD     set screen's width, height, depth
-pixdepths list-of-int support given pixmap depths
+/-render             turn on/off RENDER extension support(default on)
-linebias n            adjust thin line pixelization
-blackpixel n          pixel value for black
-whitepixel n          pixel value for white
-geometry WxH          set screen 0's width, height
-depth D               set screen 0's depth
-pixelformat fmt       set pixel format (rgbNNN or bgrNNN)
-inetd                 has been launched from inetd

VNC parameters:

Parameters can be turned on with -<param> or off with -<param>=0
Parameters which take a value can be specified as -<param> <value>
Other valid forms are <param>=<value> -<param>=<value> --<param>=<value>
Parameter names are case-insensitive.  The parameters are:

Global Parameters:
  MaxCutText     - Maximum permitted length of an incoming clipboard update
                   (default=262144)
  ZlibLevel      - Zlib compression level (default=-1)
  RemapKeys      - Comma-separated list of incoming keysyms to remap.  Mappings
                   are expressed as two hex values, prefixed by 0x, and
                   separated by -> (default=)
  BlacklistTimeout - The initial timeout applied when a host is first
                   black-listed.  The host cannot re-attempt a connection until
                   the timeout expires. (default=10)
  BlacklistThreshold - The number of unauthenticated connection attempts
                   allowed from any individual host before that host is
                   black-listed (default=5)
  Password       - Obfuscated binary encoding of the password which clients
                   must supply to access the server (default=)
  PasswordFile   - Password file for VNC authentication (default=)
  ReverseSecurityTypes - Specify encryption scheme to use for reverse
                   connections (None) (default=None)
  SecurityTypes  - Specify which security scheme to use for incoming
                   connections (None, VncAuth) (default=VncAuth)
  QueryConnect   - Prompt the local user to accept or reject incoming
                   connections. (default=0)
  SendCutText    - Send clipboard changes to clients. (default=1)
  AcceptCutText  - Accept clipboard updates from clients. (default=1)
  AcceptPointerEvents - Accept pointer press and release events from clients.
                   (default=1)
  AcceptKeyEvents - Accept key press and release events from clients.
                   (default=1)
  DisconnectClients - Disconnect existing clients if an incoming connection is
                   non-shared. If combined with NeverShared then new
                   connections will be refused while there is a client active
                   (default=1)
  NeverShared    - Never treat incoming connections as shared, regardless of
                   the client-specified setting (default=0)
  AlwaysShared   - Always treat incoming connections as shared, regardless of
                   the client-specified setting (default=0)
  Protocol3.3    - Always use protocol version 3.3 for backwards compatibility
                   with badly-behaved clients (default=0)
  CompareFB      - Perform pixel comparison on framebuffer to reduce
                   unnecessary updates (default=1)
  ClientWaitTimeMillis - The number of milliseconds to wait for a client which
                   is no longer responding (default=20000)
  IdleTimeout    - The number of seconds after which an idle VNC connection
                   will be dropped (zero means no timeout) (default=0)
  Log            - Specifies which log output should be directed to which
                   target logger, and the level of output to log. Format is
                   <log>:<target>:<level>[, ...]. (default=)
  QueryConnectTimeout - Number of seconds to show the Accept Connection dialog
                   before rejecting the connection (default=10)
  AlwaysSetDeferUpdateTimer - Always reset the defer update timer on every
                   change (default=0)
  DeferUpdate    - Time in milliseconds to defer updates (default=40)
  localhost      - Only allow connections from localhost (default=0)
  desktop        - Name of VNC desktop (default=x11)
  rfbport        - TCP port to listen for RFB protocol (default=0)
  rfbwait        - Alias for ClientWaitTimeMillis
  httpPort       - TCP port to listen for HTTP (default=0)
  httpd          - Directory containing files to serve via HTTP (default=)
  rfbauth        - Alias for PasswordFile
xsetroot:  unable to open display 'yao-UX21E:3'
vncconfig: unable to open display "yao-UX21E:3"

(x-window-manager:9937): Gtk-WARNING **: cannot open display: yao-UX21E:3

(xfce4-terminal:9936): Gtk-WARNING **: cannot open display: yao-UX21E:3
